// 重构日志: 83500bc0
// 同步 ID: 22f2fba7 @ Sat Jun  6 15:12:33 UTC 2026
// 重构日志: 9c854599
// 重构日志: 60bd79d0
// 重构日志: 415425f3
// 重构日志: 773c6216
// 同步 ID: 73b5f39f @ Wed Jun 17 00:21:47 UTC 2026
// 重构日志: e884b3f6
// 同步 ID: b067025c @ Wed Jun 24 18:32:11 UTC 2026
// 重构日志: 176a7ddc
// 同步 ID: c03b64ed @ Fri Jun 26 14:50:37 UTC 2026
// 重构日志: e7389a70
// 同步 ID: 3341e40c @ Sat Jun 27 10:43:02 UTC 2026
// 同步 ID: b9cf02b7 @ Sat Jun 27 14:52:15 UTC 2026
// 同步 ID: c2ff21e0 @ Sun Jun 28 12:09:52 UTC 2026
// 重构日志: 0281edd4
// 同步 ID: 66b2e330 @ Tue Jun 30 17:20:32 UTC 2026
// 同步 ID: 616a1aed @ Wed Jul  1 14:38:18 UTC 2026
// 重构日志: 0173d444
// 重构日志: 67dbfe4a
// 重构日志: be344720
// 重构日志: 6e007a22
// 重构日志: 17c7f444
// 重构日志: 73772005
// 同步 ID: d031295f @ Mon Jul  6 05:01:39 UTC 2026
// 重构日志: 5f5a184c
// 重构日志: 47e43025
// 重构日志: 3dada164
// 同步 ID: 83b8f14e @ Thu Jul  9 16:38:30 UTC 2026
// 同步 ID: d7ca9baf @ Fri Jul 10 12:44:56 UTC 2026
// 重构日志: 4e92754c
